2017-11-04 22:26:06,615 root         INFO     Website http://localhost:58975 is down. availability=0.77
2017-11-04 22:26:57,648 root         INFO     Website http://localhost:58975 recovered. availability=0.81
2017-11-05 08:57:13,870 root         INFO     Website http://cs231n.stanford.edu/ is down. availability=0.76
2017-11-05 08:57:14,231 root         INFO     Website http://cs231n.stanford.edu/ is down. availability=0.76
2017-11-05 08:57:16,879 root         INFO     Website https://github.com/ClementAcher/WebsiteMonitoring is down. availability=0.76
2017-11-05 08:57:17,240 root         INFO     Website https://github.com/ClementAcher/WebsiteMonitoring is down. availability=0.76
2017-11-05 08:57:49,987 root         INFO     Website http://npyscreen.readthedocs.io/ is down. availability=0.50
2017-11-05 08:57:56,704 root         INFO     Website http://npyscreen.readthedocs.io/ is down. availability=0.50
2017-11-05 08:58:07,114 root         INFO     Website https://www.facebook.com/ is down. availability=0.75
2017-11-05 08:58:27,061 root         INFO     Website https://docs.python.org/ is down. availability=0.00
2017-11-05 08:58:33,499 root         INFO     Website https://www.lovetoride.net/ is down. availability=0.75
2017-11-05 08:58:40,441 root         INFO     Website https://www.google.com is down. availability=0.50
2017-11-05 08:59:13,715 root         INFO     Website https://www.google.com recovered. availability=1.00
2017-11-05 08:59:15,352 root         INFO     Website https://www.lovetoride.net/ recovered. availability=1.00
2017-11-05 08:59:17,615 root         INFO     Website https://www.facebook.com/ recovered. availability=1.00
2017-11-05 08:59:37,249 root         INFO     Website https://docs.python.org/ recovered. availability=1.00
2017-11-05 08:59:42,676 root         INFO     Website https://github.com/ClementAcher/WebsiteMonitoring recovered. availability=1.00
2017-11-05 08:59:42,716 root         INFO     Website https://github.com/ClementAcher/WebsiteMonitoring recovered. availability=1.00
2017-11-05 09:06:20,690 root         INFO     Website https://github.com/ClementAcher/WebsiteMonitoring is down. availability=0.78
2017-11-05 09:06:23,066 root         INFO     Website http://cs231n.stanford.edu/ is down. availability=0.75
2017-11-05 09:06:26,064 root         INFO     Website https://github.com/ClementAcher/WebsiteMonitoring is down. availability=0.75
2017-11-05 09:06:26,357 root         INFO     Website http://cs231n.stanford.edu/ is down. availability=0.78
2017-11-05 09:06:31,386 root         INFO     Website https://www.google.com is down. availability=0.78
2017-11-05 09:07:21,695 root         INFO     Website https://www.google.com recovered. availability=0.82
2017-11-05 09:07:58,791 root         INFO     Website https://github.com/ClementAcher/WebsiteMonitoring recovered. availability=0.81
2017-11-05 09:08:13,420 root         INFO     Website http://cs231n.stanford.edu/ recovered. availability=0.81
2017-11-05 09:08:18,110 root         INFO     Website https://github.com/ClementAcher/WebsiteMonitoring is down. availability=0.75
2017-11-05 09:08:18,431 root         INFO     Website http://cs231n.stanford.edu/ is down. availability=0.75
2017-11-05 09:09:00,992 root         INFO     Website https://www.google.com is down. availability=0.79
2017-11-05 09:09:00,994 root         INFO     Website https://www.google.com is down. availability=0.75
2017-11-05 09:09:01,053 root         INFO     Website https://www.google.com is down. availability=0.78
2017-11-05 09:10:01,784 root         INFO     Website https://www.google.com recovered. availability=0.83
2017-11-05 09:10:17,250 root         INFO     Website https://www.google.com recovered. availability=0.85
2017-11-05 09:10:32,930 root         INFO     Website https://github.com/ClementAcher/WebsiteMonitoring recovered. availability=0.83
2017-11-05 09:10:35,862 root         INFO     Website http://cs231n.stanford.edu/ recovered. availability=0.83
2017-11-05 09:10:36,261 root         INFO     Website https://github.com/ClementAcher/WebsiteMonitoring recovered. availability=0.83
2017-11-05 09:10:39,788 root         INFO     Website http://cs231n.stanford.edu/ recovered. availability=0.83
2017-11-05 09:15:54,733 root         INFO     Website https://www.lovetoride.net/ is down. availability=0.00
2017-11-05 09:15:58,191 root         INFO     Website https://www.google.com is down. availability=0.50
2017-11-05 09:16:11,213 root         INFO     Website https://www.lovetoride.net/ recovered. availability=0.83
2017-11-05 09:16:14,263 root         INFO     Website https://www.google.com recovered. availability=0.83
2017-11-05 09:17:14,403 root         INFO     Website http://localhost:63728 is down. availability=0.77
2017-11-05 09:19:11,524 root         INFO     Website http://localhost:63728 recovered. availability=0.82
2017-11-05 11:30:24,358 root         INFO     Website http://cs231n.stanford.edu/ is down. availability=0.75
2017-11-05 11:30:28,375 root         INFO     Website https://github.com/ClementAcher/WebsiteMonitoring is down. availability=0.67
2017-11-05 11:30:29,369 root         INFO     Website https://www.lovetoride.net/ is down. availability=0.71
2017-11-05 11:30:37,921 root         INFO     Website https://www.google.com is down. availability=0.67
2017-11-05 11:30:51,501 root         INFO     Website https://www.lovetoride.net/ recovered. availability=0.82
2017-11-05 11:30:51,503 root         INFO     Website https://www.lovetoride.net/ recovered. availability=0.83
2017-11-05 11:31:17,518 root         INFO     Website http://cs231n.stanford.edu/ recovered. availability=0.82
2017-11-05 11:31:22,641 root         INFO     Website https://github.com/ClementAcher/WebsiteMonitoring recovered. availability=0.82
2017-11-05 11:31:34,521 root         INFO     Website https://www.lovetoride.net/ is down. availability=0.77
2017-11-05 11:31:35,944 root         INFO     Website http://cs231n.stanford.edu/ is down. availability=0.77
2017-11-05 11:31:35,947 root         INFO     Website http://npyscreen.readthedocs.io/ is down. availability=0.00
2017-11-05 11:31:39,477 root         INFO     Website https://docs.python.org/ is down. availability=0.67
2017-11-05 11:31:53,787 root         INFO     Website https://www.facebook.com/ is down. availability=0.78
2017-11-05 11:32:06,420 root         INFO     Website https://github.com/ClementAcher/WebsiteMonitoring is down. availability=0.75
2017-11-05 11:33:47,510 root         INFO     Website https://docs.python.org/ recovered. availability=1.00
2017-11-05 11:34:11,812 root         INFO     Website http://cs231n.stanford.edu/ recovered. availability=0.82
2017-11-05 11:34:12,126 root         INFO     Website https://github.com/ClementAcher/WebsiteMonitoring recovered. availability=0.82
2017-11-05 11:34:17,732 root         INFO     Website https://www.google.com recovered. availability=0.82
2017-11-05 11:34:17,827 root         INFO     Website https://www.facebook.com/ recovered. availability=0.90
2017-11-05 11:34:19,854 root         INFO     Website https://www.lovetoride.net/ recovered. availability=0.82
2017-11-05 11:34:47,847 root         INFO     Website http://npyscreen.readthedocs.io/ recovered. availability=1.00
2017-11-05 11:46:58,614 root         INFO     Website https://github.com/ClementAcher/WebsiteMonitoring is down. availability=0.75
2017-11-05 11:47:43,595 root         INFO     Website http://cs231n.stanford.edu/ is down. availability=0.76
2017-11-05 11:48:03,747 root         INFO     Website https://www.google.com is down. availability=0.77
2017-11-05 11:48:03,758 root         INFO     Website https://www.google.com is down. availability=0.74
2017-11-05 11:48:04,789 root         INFO     Website https://www.facebook.com/ is down. availability=0.75
2017-11-05 11:48:04,848 root         INFO     Website https://docs.python.org/ is down. availability=0.67
2017-11-05 11:48:52,022 root         INFO     Website https://www.facebook.com/ recovered. availability=0.82
2017-11-05 11:48:54,435 root         INFO     Website https://docs.python.org/ recovered. availability=0.83
2017-11-05 11:49:13,801 root         INFO     Website http://npyscreen.readthedocs.io/ is down. availability=0.50
2017-11-05 11:50:19,088 root         INFO     Website https://www.google.com recovered. availability=0.81
2017-11-05 11:51:03,025 root         INFO     Website http://cs231n.stanford.edu/ recovered. availability=0.83
2017-11-05 11:51:03,428 root         INFO     Website https://github.com/ClementAcher/WebsiteMonitoring recovered. availability=0.82
2017-11-05 11:52:28,682 root         INFO     Website http://npyscreen.readthedocs.io/ recovered. availability=1.00
2017-11-05 12:26:36,566 root         INFO     Website http://localhost:52220 is down. availability=0.75
2017-11-05 12:30:52,764 root         INFO     Website http://localhost:52220 recovered. availability=0.83
2017-11-05 12:35:38,409 root         INFO     Website http://localhost:53031 is down. availability=0.67
2017-11-05 12:36:56,175 root         INFO     Website https://github.com/ClementAcher/WebsiteMonitoring is down. availability=0.75
2017-11-05 12:36:57,625 root         INFO     Website https://docs.python.org/ is down. availability=0.67
2017-11-05 12:36:59,172 root         INFO     Website http://cs231n.stanford.edu/ is down. availability=0.76
2017-11-05 12:37:18,755 root         INFO     Website https://www.facebook.com/ is down. availability=0.78
2017-11-05 12:37:18,758 root         INFO     Website https://www.facebook.com/ is down. availability=0.70
2017-11-05 12:37:18,760 root         INFO     Website https://www.facebook.com/ is down. availability=0.64
2017-11-05 12:37:32,611 root         INFO     Website http://npyscreen.readthedocs.io/ is down. availability=0.50
2017-11-05 12:37:55,946 root         INFO     Website https://www.lovetoride.net/ is down. availability=0.78
2017-11-05 12:38:17,278 root         INFO     Website https://www.google.com is down. availability=0.33
2017-11-05 12:38:17,288 root         INFO     Website https://www.google.com is down. availability=0.33
2017-11-05 12:38:17,292 root         INFO     Website https://www.google.com is down. availability=0.33
2017-11-05 12:38:17,297 root         INFO     Website https://www.google.com is down. availability=0.33
2017-11-05 12:38:17,303 root         INFO     Website https://www.google.com is down. availability=0.33
2017-11-05 12:38:17,308 root         INFO     Website https://www.google.com is down. availability=0.33
2017-11-05 12:38:17,314 root         INFO     Website https://www.google.com is down. availability=0.33
2017-11-05 12:38:17,319 root         INFO     Website https://www.google.com is down. availability=0.33
2017-11-05 12:38:17,327 root         INFO     Website https://www.google.com is down. availability=0.33
2017-11-05 12:38:17,331 root         INFO     Website https://www.google.com is down. availability=0.33
2017-11-05 12:38:17,338 root         INFO     Website https://www.google.com is down. availability=0.33
2017-11-05 12:38:33,033 root         INFO     Website https://www.google.com recovered. availability=1.00
2017-11-05 14:34:45,458 root         INFO     Website http://localhost:55104 is down. availability=0.00
2017-11-05 14:34:49,474 root         INFO     Website http://localhost:55107 is down. availability=0.00
2017-11-05 14:35:07,530 root         INFO     Website http://localhost:55133 is down. availability=0.67
2017-11-05 14:37:05,616 root         INFO     Website http://localhost:55104 recovered. availability=0.82
2017-11-05 14:37:12,538 root         INFO     Website http://localhost:55107 recovered. availability=0.83
2017-11-05 14:38:18,678 root         INFO     Website http://localhost:55133 recovered. availability=0.83
2017-11-05 14:38:27,551 root         INFO     Website http://localhost:55114 is down. availability=0.77
2017-11-05 14:38:27,698 root         INFO     Website http://localhost:55104 is down. availability=0.79
2017-11-05 14:38:30,683 root         INFO     Website http://localhost:55113 is down. availability=0.79
2017-11-05 14:38:32,552 root         INFO     Website http://localhost:55121 is down. availability=0.75
2017-11-05 14:38:33,580 root         INFO     Website http://localhost:55107 is down. availability=0.76
2017-11-05 14:39:57,756 root         INFO     Website http://localhost:55133 is down. availability=0.79
2017-11-05 14:40:38,792 root         INFO     Website http://localhost:55133 recovered. availability=0.83
2017-11-05 14:40:47,798 root         INFO     Website http://localhost:55133 is down. availability=0.79
2017-11-05 14:41:35,919 root         INFO     Website http://localhost:55104 recovered. availability=0.82
2017-11-05 14:41:38,621 root         INFO     Website http://localhost:55121 recovered. availability=0.83
2017-11-05 14:41:41,615 root         INFO     Website http://localhost:55114 recovered. availability=0.86
2017-11-05 14:41:42,886 root         INFO     Website http://localhost:55113 recovered. availability=0.83
2017-11-05 14:41:45,683 root         INFO     Website http://localhost:55107 recovered. availability=0.83
2017-11-05 14:42:12,629 root         INFO     Website http://localhost:55114 is down. availability=0.77
2017-11-05 14:45:09,060 root         INFO     Website http://localhost:55133 recovered. availability=0.83
2017-11-05 14:46:47,760 root         INFO     Website http://localhost:55114 recovered. availability=0.86
2017-11-05 14:48:28,175 root         INFO     Website http://localhost:55133 is down. availability=0.79
2017-11-05 14:48:49,196 root         INFO     Website http://localhost:55133 recovered. availability=0.83
2017-11-05 14:48:58,205 root         INFO     Website http://localhost:55133 is down. availability=0.79
2017-11-05 14:50:29,274 root         INFO     Website http://localhost:55133 recovered. availability=0.83
2017-11-05 14:50:48,290 root         INFO     Website http://localhost:55133 is down. availability=0.79
2017-11-05 14:50:59,295 root         INFO     Website http://localhost:55133 recovered. availability=0.83
2017-11-05 14:51:08,302 root         INFO     Website http://localhost:55133 is down. availability=0.79
2017-11-05 14:53:49,434 root         INFO     Website http://localhost:55133 recovered. availability=0.83
2017-11-05 14:55:28,518 root         INFO     Website http://localhost:55133 is down. availability=0.79
2017-11-05 14:55:59,543 root         INFO     Website http://localhost:55133 recovered. availability=0.83
2017-11-05 14:56:48,582 root         INFO     Website http://localhost:55133 is down. availability=0.79
2017-11-05 14:57:09,597 root         INFO     Website http://localhost:55133 recovered. availability=0.83
2017-11-05 14:58:08,644 root         INFO     Website http://localhost:55133 is down. availability=0.79
2017-11-05 15:00:49,788 root         INFO     Website http://localhost:55133 recovered. availability=0.83
2017-11-05 15:03:58,936 root         INFO     Website http://localhost:55133 is down. availability=0.79
2017-11-05 15:06:30,045 root         INFO     Website http://localhost:55133 recovered. availability=0.83
2017-11-05 15:07:19,084 root         INFO     Website http://localhost:55133 is down. availability=0.79
2017-11-05 15:07:40,096 root         INFO     Website http://localhost:55133 recovered. availability=0.83
2017-11-05 15:08:09,114 root         INFO     Website http://localhost:55133 is down. availability=0.79
2017-11-05 15:10:20,218 root         INFO     Website http://localhost:55133 recovered. availability=0.83
2017-11-05 15:14:39,419 root         INFO     Website http://localhost:55133 is down. availability=0.79
2017-11-05 15:17:30,545 root         INFO     Website http://localhost:55133 recovered. availability=0.83
2017-11-05 15:19:59,655 root         INFO     Website http://localhost:55133 is down. availability=0.79
2017-11-05 15:22:00,749 root         INFO     Website http://localhost:55133 recovered. availability=0.83
